220509035713.163 INFO 'ansible_navigator.setup_logger' New ansible-navigator instance, logging initialized
220509035713.163 INFO 'ansible_navigator.setup_logger' New ansible-runner instance, logging initialized
220509035713.163 DEBUG 'ansible_navigator.main' Share directory '/usr/lib/python3.8/share/ansible_navigator' not found (development path)
220509035713.163 DEBUG 'ansible_navigator.main' Share directory '/var/lib/awx/.local/share/ansible_navigator' not found (userbase)
220509035713.163 DEBUG 'ansible_navigator.main' Share directory '/usr/share/ansible_navigator' found (sys.prefix)
220509035713.163 DEBUG 'ansible_navigator.main' Default collection_doc_cache_path set to: /var/lib/awx/.cache/ansible-navigator/collection_doc_cache.db
220509035713.163 DEBUG 'ansible_navigator.main' EDITOR environment variable not set
220509035713.163 DEBUG 'ansible_navigator.main' Default editor_command set to: vi +{line_number} {filename}
220509035713.163 DEBUG 'ansible_navigator.main' No config file set by ANSIBLE_NAVIGATOR_CONFIG
220509035713.163 DEBUG 'ansible_navigator.main' Looking in /var/lib/awx
220509035713.163 DEBUG 'ansible_navigator.main' Looking for '/var/lib/awx/.ansible-navigator.yml', '/var/lib/awx/.ansible-navigator.yaml' and '/var/lib/awx/.ansible-navigator.json'
220509035713.163 DEBUG 'ansible_navigator.main' Found 0: 
220509035713.163 DEBUG 'ansible_navigator.main' Looking in /var/lib/awx/projects/raviprj/WindowsPlaybooks/documentation
220509035713.163 DEBUG 'ansible_navigator.main' Looking for '/var/lib/awx/projects/raviprj/WindowsPlaybooks/documentation/ansible-navigator.yml', '/var/lib/awx/projects/raviprj/WindowsPlaybooks/documentation/ansible-navigator.yaml' and '/var/lib/awx/projects/raviprj/WindowsPlaybooks/documentation/ansible-navigator.json'
220509035713.163 DEBUG 'ansible_navigator.main' Found 0: 
220509035713.163 DEBUG 'ansible_navigator.main' All found 0: 
220509035713.163 DEBUG 'ansible_navigator.main' Using: None
220509035713.163 DEBUG 'ansible_navigator.main' No valid settings file found, using all default values for settings.
220509035713.163 DEBUG 'ansible_navigator.main' Command provided: 'user_operation.yml -e '{
  "config_type": "users",
  "excel_file_name": "LocalUserOperation_Positive.xlsx"
}' -m stdout'
220509035713.163 WARNING 'ansible_navigator.main' Configuration errors encountered, rolling back to previous configuration.
220509035713.163 DEBUG 'ansible_navigator.main' Prior to rollback: ansible_runner_artifact_dir = 'Constants.NOT_SET' (Constants/value has not been set)
220509035713.163 DEBUG 'ansible_navigator.main' Prior to rollback: ansible_runner_rotate_artifacts_count = 'Constants.NOT_SET' (Constants/value has not been set)
220509035713.163 DEBUG 'ansible_navigator.main' Prior to rollback: ansible_runner_timeout = 'Constants.NOT_SET' (Constants/value has not been set)
220509035713.163 DEBUG 'ansible_navigator.main' Prior to rollback: app = 'welcome' (str/default configuration value)
220509035713.163 DEBUG 'ansible_navigator.main' Prior to rollback: cmdline = 'Constants.NOT_SET' (Constants/value has not been set)
220509035713.163 DEBUG 'ansible_navigator.main' Prior to rollback: collection_doc_cache_path = '/var/lib/awx/.cache/ansible-navigator/collection_doc_cache.db' (str/default configuration value)
220509035713.163 DEBUG 'ansible_navigator.main' Prior to rollback: config = 'Constants.NOT_SET' (Constants/value has not been set)
220509035713.163 DEBUG 'ansible_navigator.main' Prior to rollback: container_engine = 'auto' (str/default configuration value)
220509035713.163 DEBUG 'ansible_navigator.main' Prior to rollback: container_options = 'Constants.NOT_SET' (Constants/value has not been set)
220509035713.163 DEBUG 'ansible_navigator.main' Prior to rollback: display_color = 'True' (bool/default configuration value)
220509035713.163 DEBUG 'ansible_navigator.main' Prior to rollback: editor_command = 'vi +{line_number} {filename}' (str/default configuration value)
220509035713.163 DEBUG 'ansible_navigator.main' Prior to rollback: editor_console = 'True' (bool/default configuration value)
220509035713.163 DEBUG 'ansible_navigator.main' Prior to rollback: execution_environment = 'True' (bool/default configuration value)
220509035713.163 DEBUG 'ansible_navigator.main' Prior to rollback: execution_environment_image = 'registry.redhat.io/ansible-automation-platform-21/ee-supported-rhel8:latest' (str/default configuration value)
220509035713.163 DEBUG 'ansible_navigator.main' Prior to rollback: execution_environment_volume_mounts = 'Constants.NOT_SET' (Constants/value has not been set)
220509035713.163 DEBUG 'ansible_navigator.main' Prior to rollback: help_config = 'False' (bool/default configuration value)
220509035713.164 DEBUG 'ansible_navigator.main' Prior to rollback: help_doc = 'False' (bool/default configuration value)
220509035713.164 DEBUG 'ansible_navigator.main' Prior to rollback: help_inventory = 'False' (bool/default configuration value)
220509035713.164 DEBUG 'ansible_navigator.main' Prior to rollback: help_playbook = 'False' (bool/default configuration value)
220509035713.164 DEBUG 'ansible_navigator.main' Prior to rollback: inventory = 'Constants.NOT_SET' (Constants/value has not been set)
220509035713.164 DEBUG 'ansible_navigator.main' Prior to rollback: inventory_column = 'Constants.NOT_SET' (Constants/value has not been set)
220509035713.164 DEBUG 'ansible_navigator.main' Prior to rollback: log_append = 'True' (bool/default configuration value)
220509035713.164 DEBUG 'ansible_navigator.main' Prior to rollback: log_file = '/var/lib/awx/projects/raviprj/WindowsPlaybooks/documentation/ansible-navigator.log' (str/default configuration value)
220509035713.164 DEBUG 'ansible_navigator.main' Prior to rollback: log_level = 'warning' (str/default configuration value)
220509035713.164 DEBUG 'ansible_navigator.main' Prior to rollback: mode = 'interactive' (str/default configuration value)
220509035713.164 DEBUG 'ansible_navigator.main' Prior to rollback: osc4 = 'True' (bool/default configuration value)
220509035713.164 DEBUG 'ansible_navigator.main' Prior to rollback: pass_environment_variable = 'Constants.NOT_SET' (Constants/value has not been set)
220509035713.164 DEBUG 'ansible_navigator.main' Prior to rollback: playbook = 'Constants.NOT_SET' (Constants/value has not been set)
220509035713.164 DEBUG 'ansible_navigator.main' Prior to rollback: playbook_artifact_enable = 'True' (bool/default configuration value)
220509035713.164 DEBUG 'ansible_navigator.main' Prior to rollback: playbook_artifact_replay = 'Constants.NOT_SET' (Constants/value has not been set)
220509035713.164 DEBUG 'ansible_navigator.main' Prior to rollback: playbook_artifact_save_as = '{playbook_dir}/{playbook_name}-artifact-{ts_utc}.json' (str/default configuration value)
220509035713.164 DEBUG 'ansible_navigator.main' Prior to rollback: plugin_name = 'Constants.NOT_SET' (Constants/value has not been set)
220509035713.164 DEBUG 'ansible_navigator.main' Prior to rollback: plugin_type = 'module' (str/default configuration value)
220509035713.164 DEBUG 'ansible_navigator.main' Prior to rollback: pull_policy = 'tag' (str/default configuration value)
220509035713.164 DEBUG 'ansible_navigator.main' Prior to rollback: set_environment_variable = 'Constants.NOT_SET' (Constants/value has not been set)
220509035713.164 DEBUG 'ansible_navigator.main' After rollback: ansible_runner_artifact_dir = 'Constants.NOT_SET' (Constants/value has not been set)
220509035713.164 DEBUG 'ansible_navigator.main' After rollback: ansible_runner_rotate_artifacts_count = 'Constants.NOT_SET' (Constants/value has not been set)
220509035713.164 DEBUG 'ansible_navigator.main' After rollback: ansible_runner_timeout = 'Constants.NOT_SET' (Constants/value has not been set)
220509035713.164 DEBUG 'ansible_navigator.main' After rollback: app = 'Constants.NOT_SET' (Constants/value has not been set)
220509035713.164 DEBUG 'ansible_navigator.main' After rollback: cmdline = 'Constants.NOT_SET' (Constants/value has not been set)
220509035713.164 DEBUG 'ansible_navigator.main' After rollback: collection_doc_cache_path = 'Constants.NOT_SET' (Constants/value has not been set)
220509035713.164 DEBUG 'ansible_navigator.main' After rollback: config = 'Constants.NOT_SET' (Constants/value has not been set)
220509035713.164 DEBUG 'ansible_navigator.main' After rollback: container_engine = 'Constants.NOT_SET' (Constants/value has not been set)
220509035713.164 DEBUG 'ansible_navigator.main' After rollback: container_options = 'Constants.NOT_SET' (Constants/value has not been set)
220509035713.164 DEBUG 'ansible_navigator.main' After rollback: display_color = 'Constants.NOT_SET' (Constants/value has not been set)
220509035713.164 DEBUG 'ansible_navigator.main' After rollback: editor_command = 'Constants.NOT_SET' (Constants/value has not been set)
220509035713.164 DEBUG 'ansible_navigator.main' After rollback: editor_console = 'Constants.NOT_SET' (Constants/value has not been set)
220509035713.164 DEBUG 'ansible_navigator.main' After rollback: execution_environment = 'Constants.NOT_SET' (Constants/value has not been set)
220509035713.164 DEBUG 'ansible_navigator.main' After rollback: execution_environment_image = 'Constants.NOT_SET' (Constants/value has not been set)
220509035713.164 DEBUG 'ansible_navigator.main' After rollback: execution_environment_volume_mounts = 'Constants.NOT_SET' (Constants/value has not been set)
220509035713.164 DEBUG 'ansible_navigator.main' After rollback: help_config = 'Constants.NOT_SET' (Constants/value has not been set)
220509035713.164 DEBUG 'ansible_navigator.main' After rollback: help_doc = 'Constants.NOT_SET' (Constants/value has not been set)
220509035713.164 DEBUG 'ansible_navigator.main' After rollback: help_inventory = 'Constants.NOT_SET' (Constants/value has not been set)
220509035713.164 DEBUG 'ansible_navigator.main' After rollback: help_playbook = 'Constants.NOT_SET' (Constants/value has not been set)
220509035713.164 DEBUG 'ansible_navigator.main' After rollback: inventory = 'Constants.NOT_SET' (Constants/value has not been set)
220509035713.164 DEBUG 'ansible_navigator.main' After rollback: inventory_column = 'Constants.NOT_SET' (Constants/value has not been set)
220509035713.164 DEBUG 'ansible_navigator.main' After rollback: log_append = 'Constants.NOT_SET' (Constants/value has not been set)
220509035713.164 DEBUG 'ansible_navigator.main' After rollback: log_file = 'Constants.NOT_SET' (Constants/value has not been set)
220509035713.164 DEBUG 'ansible_navigator.main' After rollback: log_level = 'Constants.NOT_SET' (Constants/value has not been set)
220509035713.164 DEBUG 'ansible_navigator.main' After rollback: mode = 'Constants.NOT_SET' (Constants/value has not been set)
220509035713.164 DEBUG 'ansible_navigator.main' After rollback: osc4 = 'Constants.NOT_SET' (Constants/value has not been set)
220509035713.164 DEBUG 'ansible_navigator.main' After rollback: pass_environment_variable = 'Constants.NOT_SET' (Constants/value has not been set)
220509035713.164 DEBUG 'ansible_navigator.main' After rollback: playbook = 'Constants.NOT_SET' (Constants/value has not been set)
220509035713.164 DEBUG 'ansible_navigator.main' After rollback: playbook_artifact_enable = 'Constants.NOT_SET' (Constants/value has not been set)
220509035713.164 DEBUG 'ansible_navigator.main' After rollback: playbook_artifact_replay = 'Constants.NOT_SET' (Constants/value has not been set)
220509035713.164 DEBUG 'ansible_navigator.main' After rollback: playbook_artifact_save_as = 'Constants.NOT_SET' (Constants/value has not been set)
220509035713.164 DEBUG 'ansible_navigator.main' After rollback: plugin_name = 'Constants.NOT_SET' (Constants/value has not been set)
220509035713.164 DEBUG 'ansible_navigator.main' After rollback: plugin_type = 'Constants.NOT_SET' (Constants/value has not been set)
220509035713.164 DEBUG 'ansible_navigator.main' After rollback: pull_policy = 'Constants.NOT_SET' (Constants/value has not been set)
220509035713.164 DEBUG 'ansible_navigator.main' After rollback: set_environment_variable = 'Constants.NOT_SET' (Constants/value has not been set)
220509035713.164 DEBUG 'ansible_navigator.main' Configuration rollback complete.
220509035713.165 ERROR 'ansible_navigator.main' Command provided: 'user_operation.yml -e '{
  "config_type": "users",
  "excel_file_name": "LocalUserOperation_Positive.xlsx"
}' -m stdout'
220509035713.165 ERROR 'ansible_navigator.main' argument {subcommand} --help: invalid choice: 'user_operation.yml' (choose from 'collections', 'config', 'doc', 'images', 'inventory', 'replay', 'run', 'welcome')
220509035713.165 ERROR 'ansible_navigator.main' Configuration failed, using default log file location: /var/lib/awx/projects/raviprj/WindowsPlaybooks/documentation/ansible-navigator.log. Log level set to debug
220509035713.165 INFO 'ansible_navigator.main' Review the hints and log file to see what went wrong: /var/lib/awx/projects/raviprj/WindowsPlaybooks/documentation/ansible-navigator.log
220509035729.539 ERROR 'ansible_navigator.image_manager.puller._log_message' Execution environment pull failed
